# JRE version: OpenJDK Runtime Environment Zulu21.34+19-CA (21.0.3+9) (build 21.0.3+9-LTS)
# Java VM: OpenJDK 64-Bit Server VM Zulu21.34+19-CA (21.0.3+9-LTS, mixed mode, emulated-client, sharing, tiered, compressed oops, compressed class ptrs, g1 gc, windows-amd64)
GC Precious Log:
 CardTable entry size: 512
 Card Set container configuration: InlinePtr #cards 4 size 8 Array Of Cards #cards 32 size 80 Howl #buckets 8 coarsen threshold 7372 Howl Bitmap #cards 1024 size 144 coarsen threshold 921 Card regions per heap region 1 cards per card region 8192
 CPUs: 16 total, 16 available
 Memory: 31934M
 Large Page Support: Disabled
 NUMA Support: Disabled
 Compressed Oops: Enabled (Zero based)
 Heap Region Size: 4M
 Heap Min Capacity: 8M
 Heap Initial Capacity: 500M
 Heap Max Capacity: 7984M
 Pre-touch: Disabled
 Parallel Workers: 13
 Concurrent Workers: 3
 Concurrent Refinement Workers: 13
 Periodic GC: Disabled
Heap:
 garbage-first heap   total 77824K, used 43421K [0x000000060d000000, 0x0000000800000000)
  region size 4096K, 4 young (16384K), 1 survivors (4096K)
 Metaspace       used 27586K, committed 28224K, reserved 1114112K
  class space    used 3261K, committed 3520K, reserved 1048576K
GC Heap History (12 events):
Event: 0.275 GC heap before
{Heap before GC invocations=0 (full 0):
 garbage-first heap   total 512000K, used 24576K [0x000000060d000000, 0x0000000800000000)
  region size 4096K, 6 young (24576K), 0 survivors (0K)
 Metaspace       used 6798K, committed 7040K, reserved 1114112K
  class space    used 768K, committed 896K, reserved 1048576K
}
Event: 0.277 GC heap after
{Heap after GC invocations=1 (full 0):
 garbage-first heap   total 512000K, used 4282K [0x000000060d000000, 0x0000000800000000)
  region size 4096K, 1 young (4096K), 1 survivors (4096K)
 Metaspace       used 6798K, committed 7040K, reserved 1114112K
  class space    used 768K, committed 896K, reserved 1048576K
}
Event: 0.516 GC heap before
{Heap before GC invocations=1 (full 0):
 garbage-first heap   total 512000K, used 32954K [0x000000060d000000, 0x0000000800000000)
  region size 4096K, 8 young (32768K), 1 survivors (4096K)
 Metaspace       used 12693K, committed 13056K, reserved 1114112K
  class space    used 1656K, committed 1856K, reserved 1048576K
}
Event: 0.519 GC heap after
{Heap after GC invocations=2 (full 0):
 garbage-first heap   total 512000K, used 6466K [0x000000060d000000, 0x0000000800000000)
  region size 4096K, 1 young (4096K), 1 survivors (4096K)
 Metaspace       used 12693K, committed 13056K, reserved 1114112K
  class space    used 1656K, committed 1856K, reserved 1048576K
}
Event: 0.671 GC heap before
{Heap before GC invocations=2 (full 0):
 garbage-first heap   total 512000K, used 22850K [0x000000060d000000, 0x0000000800000000)
  region size 4096K, 6 young (24576K), 1 survivors (4096K)
 Metaspace       used 16028K, committed 16448K, reserved 1114112K
  class space    used 2118K, committed 2304K, reserved 1048576K
}
Event: 0.672 GC heap after
{Heap after GC invocations=3 (full 0):
 garbage-first heap   total 512000K, used 7813K [0x000000060d000000, 0x0000000800000000)
  region size 4096K, 1 young (4096K), 1 survivors (4096K)
 Metaspace       used 16028K, committed 16448K, reserved 1114112K
  class space    used 2118K, committed 2304K, reserved 1048576K
}
Event: 1.033 GC heap before
{Heap before GC invocations=4 (full 0):
 garbage-first heap   total 69632K, used 65157K [0x000000060d000000, 0x0000000800000000)
  region size 4096K, 9 young (36864K), 1 survivors (4096K)
 Metaspace       used 22345K, committed 22848K, reserved 1114112K
  class space    used 2829K, committed 3072K, reserved 1048576K
}
Event: 1.035 GC heap after
{Heap after GC invocations=5 (full 0):
 garbage-first heap   total 77824K, used 34182K [0x000000060d000000, 0x0000000800000000)
  region size 4096K, 2 young (8192K), 2 survivors (8192K)
 Metaspace       used 22345K, committed 22848K, reserved 1114112K
  class space    used 2829K, committed 3072K, reserved 1048576K
}
Event: 1.475 GC heap before
{Heap before GC invocations=5 (full 0):
 garbage-first heap   total 77824K, used 58758K [0x000000060d000000, 0x0000000800000000)
  region size 4096K, 8 young (32768K), 2 survivors (8192K)
 Metaspace       used 26520K, committed 27200K, reserved 1114112K
  class space    used 3165K, committed 3456K, reserved 1048576K
}
Event: 1.477 GC heap after
{Heap after GC invocations=6 (full 0):
 garbage-first heap   total 77824K, used 35231K [0x000000060d000000, 0x0000000800000000)
  region size 4096K, 1 young (4096K), 1 survivors (4096K)
 Metaspace       used 26520K, committed 27200K, reserved 1114112K
  class space    used 3165K, committed 3456K, reserved 1048576K
}
Event: 1.490 GC heap before
{Heap before GC invocations=6 (full 0):
 garbage-first heap   total 77824K, used 35231K [0x000000060d000000, 0x0000000800000000)
  region size 4096K, 2 young (8192K), 1 survivors (4096K)
 Metaspace       used 26924K, committed 27520K, reserved 1114112K
  class space    used 3189K, committed 3456K, reserved 1048576K
}
Event: 1.491 GC heap after
{Heap after GC invocations=7 (full 0):
 garbage-first heap   total 77824K, used 35229K [0x000000060d000000, 0x0000000800000000)
  region size 4096K, 1 young (4096K), 1 survivors (4096K)
 Metaspace       used 26924K, committed 27520K, reserved 1114112K
  class space    used 3189K, committed 3456K, reserved 1048576K
}

