# JRE version: OpenJDK Runtime Environment Zulu21.34+19-CA (21.0.3+9) (build 21.0.3+9-LTS)
# Java VM: OpenJDK 64-Bit Server VM Zulu21.34+19-CA (21.0.3+9-LTS, mixed mode, emulated-client, sharing, tiered, compressed oops, compressed class ptrs, g1 gc, windows-amd64)
GC Precious Log:
 CardTable entry size: 512
 Card Set container configuration: InlinePtr #cards 4 size 8 Array Of Cards #cards 32 size 80 Howl #buckets 8 coarsen threshold 7372 Howl Bitmap #cards 1024 size 144 coarsen threshold 921 Card regions per heap region 1 cards per card region 8192
 CPUs: 16 total, 16 available
 Memory: 31934M
 Large Page Support: Disabled
 NUMA Support: Disabled
 Compressed Oops: Enabled (Zero based)
 Heap Region Size: 4M
 Heap Min Capacity: 8M
 Heap Initial Capacity: 500M
 Heap Max Capacity: 7984M
 Pre-touch: Disabled
 Parallel Workers: 13
 Concurrent Workers: 3
 Concurrent Refinement Workers: 13
 Periodic GC: Disabled
Heap:
 garbage-first heap   total 81920K, used 51575K [0x000000060d000000, 0x0000000800000000)
  region size 4096K, 7 young (28672K), 2 survivors (8192K)
 Metaspace       used 28844K, committed 30080K, reserved 1114112K
  class space    used 3479K, committed 4032K, reserved 1048576K
GC Heap History (12 events):
Event: 0.288 GC heap before
{Heap before GC invocations=0 (full 0):
 garbage-first heap   total 512000K, used 24576K [0x000000060d000000, 0x0000000800000000)
  region size 4096K, 6 young (24576K), 0 survivors (0K)
 Metaspace       used 6580K, committed 6848K, reserved 1114112K
  class space    used 753K, committed 896K, reserved 1048576K
}
Event: 0.290 GC heap after
{Heap after GC invocations=1 (full 0):
 garbage-first heap   total 512000K, used 4360K [0x000000060d000000, 0x0000000800000000)
  region size 4096K, 1 young (4096K), 1 survivors (4096K)
 Metaspace       used 6580K, committed 6848K, reserved 1114112K
  class space    used 753K, committed 896K, reserved 1048576K
}
Event: 0.564 GC heap before
{Heap before GC invocations=1 (full 0):
 garbage-first heap   total 512000K, used 37128K [0x000000060d000000, 0x0000000800000000)
  region size 4096K, 9 young (36864K), 1 survivors (4096K)
 Metaspace       used 13436K, committed 13760K, reserved 1114112K
  class space    used 1764K, committed 1920K, reserved 1048576K
}
Event: 0.566 GC heap after
{Heap after GC invocations=2 (full 0):
 garbage-first heap   total 512000K, used 6721K [0x000000060d000000, 0x0000000800000000)
  region size 4096K, 2 young (8192K), 2 survivors (8192K)
 Metaspace       used 13436K, committed 13760K, reserved 1114112K
  class space    used 1764K, committed 1920K, reserved 1048576K
}
Event: 0.685 GC heap before
{Heap before GC invocations=2 (full 0):
 garbage-first heap   total 512000K, used 19009K [0x000000060d000000, 0x0000000800000000)
  region size 4096K, 6 young (24576K), 2 survivors (8192K)
 Metaspace       used 15438K, committed 15872K, reserved 1114112K
  class space    used 2056K, committed 2240K, reserved 1048576K
}
Event: 0.687 GC heap after
{Heap after GC invocations=3 (full 0):
 garbage-first heap   total 512000K, used 7618K [0x000000060d000000, 0x0000000800000000)
  region size 4096K, 2 young (8192K), 2 survivors (8192K)
 Metaspace       used 15438K, committed 15872K, reserved 1114112K
  class space    used 2056K, committed 2240K, reserved 1048576K
}
Event: 1.083 GC heap before
{Heap before GC invocations=4 (full 0):
 garbage-first heap   total 69632K, used 64962K [0x000000060d000000, 0x0000000800000000)
  region size 4096K, 10 young (40960K), 2 survivors (8192K)
 Metaspace       used 22707K, committed 23232K, reserved 1114112K
  class space    used 2792K, committed 3008K, reserved 1048576K
}
Event: 1.087 GC heap after
{Heap after GC invocations=5 (full 0):
 garbage-first heap   total 81920K, used 34847K [0x000000060d000000, 0x0000000800000000)
  region size 4096K, 3 young (12288K), 3 survivors (12288K)
 Metaspace       used 22707K, committed 23232K, reserved 1114112K
  class space    used 2792K, committed 3008K, reserved 1048576K
}
Event: 1.432 GC heap before
{Heap before GC invocations=5 (full 0):
 garbage-first heap   total 81920K, used 51231K [0x000000060d000000, 0x0000000800000000)
  region size 4096K, 8 young (32768K), 3 survivors (12288K)
 Metaspace       used 25919K, committed 26496K, reserved 1114112K
  class space    used 3048K, committed 3328K, reserved 1048576K
}
Event: 1.435 GC heap after
{Heap after GC invocations=6 (full 0):
 garbage-first heap   total 81920K, used 35282K [0x000000060d000000, 0x0000000800000000)
  region size 4096K, 2 young (8192K), 2 survivors (8192K)
 Metaspace       used 25919K, committed 26496K, reserved 1114112K
  class space    used 3048K, committed 3328K, reserved 1048576K
}
Event: 1.443 GC heap before
{Heap before GC invocations=6 (full 0):
 garbage-first heap   total 81920K, used 35282K [0x000000060d000000, 0x0000000800000000)
  region size 4096K, 3 young (12288K), 2 survivors (8192K)
 Metaspace       used 26265K, committed 26816K, reserved 1114112K
  class space    used 3076K, committed 3328K, reserved 1048576K
}
Event: 1.444 GC heap after
{Heap after GC invocations=7 (full 0):
 garbage-first heap   total 81920K, used 35191K [0x000000060d000000, 0x0000000800000000)
  region size 4096K, 2 young (8192K), 2 survivors (8192K)
 Metaspace       used 26265K, committed 26816K, reserved 1114112K
  class space    used 3076K, committed 3328K, reserved 1048576K
}

